<?xml version="1.0" encoding="UTF-8"?>
<!-- Generated by org.testng.reporters.JUnitReportReporter -->
<testsuite hostname="DESKTOP-NCHRHGP" failures="0" tests="1" name="Package_TestScripts.TestRegistration_SIngleData" time="18.103" errors="0" timestamp="2021-08-10T15:50:35 IST" skipped="0">
  <testcase classname="Package_TestScripts.TestRegistration_SIngleData" name="RegistrationDataCheck" time="18.103"/>
  <system-out/>
</testsuite> <!-- Package_TestScripts.TestRegistration_SIngleData -->
