<?xml version="1.0" encoding="UTF-8"?>
<!-- Generated by org.testng.reporters.JUnitReportReporter -->
<testsuite hostname="DESKTOP-NCHRHGP" failures="0" tests="1" name="Package_TestScripts.TestRegistration_MultipleData" time="60.891" errors="0" timestamp="2021-08-11T19:25:08 IST" skipped="0">
  <testcase classname="Package_TestScripts.TestRegistration_MultipleData" name="RegistrationDataCheck" time="60.891"/>
  <system-out/>
</testsuite> <!-- Package_TestScripts.TestRegistration_MultipleData -->
